2025-05-07 16:02:40 - Group 'engineering' created.
2025-05-07 16:02:40 - User 'mokeke' created with home directory, added to group 'engineering'.
2025-05-07 16:02:40 - Password set and forced to change on first login.
2025-05-07 16:02:40 - Permissions set on /home/mokeke
2025-05-07 16:02:40 - Group 'design' created.
2025-05-07 16:02:40 - User 'oademola' created with home directory, added to group 'design'.
2025-05-07 16:02:40 - Password set and forced to change on first login.
2025-05-07 16:02:40 - Permissions set on /home/oademola
2025-05-07 16:02:40 - Group 'engineering' already exists.
2025-05-07 16:02:40 - User 'osamuel' created with home directory, added to group 'engineering'.
2025-05-07 16:02:40 - Password set and forced to change on first login.
2025-05-07 16:02:40 - Permissions set on /home/osamuel
2025-05-07 16:02:40 - Group 'design' already exists.
2025-05-07 16:02:40 - User 'pasare' created with home directory, added to group 'design'.
2025-05-07 16:02:40 - Password set and forced to change on first login.
2025-05-07 16:02:40 - Permissions set on /home/pasare
2025-05-07 16:02:40 - Group 'engineering ' created.
2025-05-07 16:02:40 - User 'jdoe' created with home directory, added to group 'engineering '.
2025-05-07 16:02:40 - Password set and forced to change on first login.
2025-05-07 16:02:40 - Permissions set on /home/jdoe
2025-05-07 16:02:40 - Group 'engineering ' created.
2025-05-07 16:02:40 - User 'asmith' created with home directory, added to group 'engineering '.
2025-05-07 16:02:40 - Password set and forced to change on first login.
2025-05-07 16:02:40 - Permissions set on /home/asmith
2025-05-07 16:02:40 - Group 'design' already exists.
2025-05-07 16:02:40 - User 'mjones' created with home directory, added to group 'design'.
2025-05-07 16:02:40 - Password set and forced to change on first login.
2025-05-07 16:02:40 - Permissions set on /home/mjones
